0 info it worked if it ends with ok
1 verbose cli [ 'C:\\Program Files (x86)\\nodejs\\\\node.exe',
1 verbose cli   'C:\\Program Files (x86)\\nodejs\\node_modules\\npm\\bin\\npm-cli.js',
1 verbose cli   'install' ]
2 info using npm@1.3.8
3 info using node@v0.10.16
4 verbose node symlink C:\Program Files (x86)\nodejs\\node.exe
5 warn package.json assettracker@1.0.0 No description
6 warn package.json assettracker@1.0.0 No repository field.
7 warn package.json assettracker@1.0.0 No README data
8 verbose readDependencies using package.json deps
9 verbose install where, deps [ 'C:\\Users\\faizul\\Desktop\\HomeTracker\\Ethereum-based-Home-tracker\\assetTrackerBackEnd',
9 verbose install   [ '@truffle/hdwallet-provider',
9 verbose install     'body-parser',
9 verbose install     'cors',
9 verbose install     'ethereum-input-data-decoder',
9 verbose install     'express',
9 verbose install     'morgan',
9 verbose install     'path',
9 verbose install     'web3',
9 verbose install     'nodemon' ] ]
10 info preinstall assettracker@1.0.0
11 verbose readDependencies using package.json deps
12 verbose cache add [ '@truffle/hdwallet-provider@^1.0.26', null ]
13 verbose cache add name=undefined spec="@truffle/hdwallet-provider@^1.0.26" args=["@truffle/hdwallet-provider@^1.0.26",null]
14 verbose parsed url { protocol: null,
14 verbose parsed url   slashes: null,
14 verbose parsed url   auth: null,
14 verbose parsed url   host: null,
14 verbose parsed url   port: null,
14 verbose parsed url   hostname: null,
14 verbose parsed url   hash: null,
14 verbose parsed url   search: null,
14 verbose parsed url   query: null,
14 verbose parsed url   pathname: '@truffle/hdwallet-provider@^1.0.26',
14 verbose parsed url   path: '@truffle/hdwallet-provider@^1.0.26',
14 verbose parsed url   href: '@truffle/hdwallet-provider@^1.0.26' }
15 verbose cache add name="" spec="truffle/hdwallet-provider@^1.0.26" args=["","truffle/hdwallet-provider@^1.0.26"]
16 verbose parsed url { protocol: null,
16 verbose parsed url   slashes: null,
16 verbose parsed url   auth: null,
16 verbose parsed url   host: null,
16 verbose parsed url   port: null,
16 verbose parsed url   hostname: null,
16 verbose parsed url   hash: null,
16 verbose parsed url   search: null,
16 verbose parsed url   query: null,
16 verbose parsed url   pathname: 'truffle/hdwallet-provider@^1.0.26',
16 verbose parsed url   path: 'truffle/hdwallet-provider@^1.0.26',
16 verbose parsed url   href: 'truffle/hdwallet-provider@^1.0.26' }
17 verbose cache add name="truffle/hdwallet-provider" spec="^1.0.26" args=["truffle/hdwallet-provider","^1.0.26"]
18 verbose parsed url { protocol: null,
18 verbose parsed url   slashes: null,
18 verbose parsed url   auth: null,
18 verbose parsed url   host: null,
18 verbose parsed url   port: null,
18 verbose parsed url   hostname: null,
18 verbose parsed url   hash: null,
18 verbose parsed url   search: null,
18 verbose parsed url   query: null,
18 verbose parsed url   pathname: '^1.0.26',
18 verbose parsed url   path: '^1.0.26',
18 verbose parsed url   href: '^1.0.26' }
19 verbose addNamed [ 'truffle/hdwallet-provider', '^1.0.26' ]
20 verbose addNamed [ null, '>=1.0.26-0 <2.0.0-0' ]
21 verbose cache add [ 'body-parser@^1.19.0', null ]
22 verbose cache add name=undefined spec="body-parser@^1.19.0" args=["body-parser@^1.19.0",null]
23 verbose parsed url { protocol: null,
23 verbose parsed url   slashes: null,
23 verbose parsed url   auth: null,
23 verbose parsed url   host: null,
23 verbose parsed url   port: null,
23 verbose parsed url   hostname: null,
23 verbose parsed url   hash: null,
23 verbose parsed url   search: null,
23 verbose parsed url   query: null,
23 verbose parsed url   pathname: 'body-parser@^1.19.0',
23 verbose parsed url   path: 'body-parser@^1.19.0',
23 verbose parsed url   href: 'body-parser@^1.19.0' }
24 verbose cache add name="body-parser" spec="^1.19.0" args=["body-parser","^1.19.0"]
25 verbose parsed url { protocol: null,
25 verbose parsed url   slashes: null,
25 verbose parsed url   auth: null,
25 verbose parsed url   host: null,
25 verbose parsed url   port: null,
25 verbose parsed url   hostname: null,
25 verbose parsed url   hash: null,
25 verbose parsed url   search: null,
25 verbose parsed url   query: null,
25 verbose parsed url   pathname: '^1.19.0',
25 verbose parsed url   path: '^1.19.0',
25 verbose parsed url   href: '^1.19.0' }
26 verbose addNamed [ 'body-parser', '^1.19.0' ]
27 verbose addNamed [ null, '>=1.19.0-0 <2.0.0-0' ]
28 verbose cache add [ 'cors@^2.8.5', null ]
29 verbose cache add name=undefined spec="cors@^2.8.5" args=["cors@^2.8.5",null]
30 verbose parsed url { protocol: null,
30 verbose parsed url   slashes: null,
30 verbose parsed url   auth: null,
30 verbose parsed url   host: null,
30 verbose parsed url   port: null,
30 verbose parsed url   hostname: null,
30 verbose parsed url   hash: null,
30 verbose parsed url   search: null,
30 verbose parsed url   query: null,
30 verbose parsed url   pathname: 'cors@^2.8.5',
30 verbose parsed url   path: 'cors@^2.8.5',
30 verbose parsed url   href: 'cors@^2.8.5' }
31 verbose cache add name="cors" spec="^2.8.5" args=["cors","^2.8.5"]
32 verbose parsed url { protocol: null,
32 verbose parsed url   slashes: null,
32 verbose parsed url   auth: null,
32 verbose parsed url   host: null,
32 verbose parsed url   port: null,
32 verbose parsed url   hostname: null,
32 verbose parsed url   hash: null,
32 verbose parsed url   search: null,
32 verbose parsed url   query: null,
32 verbose parsed url   pathname: '^2.8.5',
32 verbose parsed url   path: '^2.8.5',
32 verbose parsed url   href: '^2.8.5' }
33 verbose addNamed [ 'cors', '^2.8.5' ]
34 verbose addNamed [ null, '>=2.8.5-0 <3.0.0-0' ]
35 verbose cache add [ 'ethereum-input-data-decoder@^0.2.1', null ]
36 verbose cache add name=undefined spec="ethereum-input-data-decoder@^0.2.1" args=["ethereum-input-data-decoder@^0.2.1",null]
37 verbose parsed url { protocol: null,
37 verbose parsed url   slashes: null,
37 verbose parsed url   auth: null,
37 verbose parsed url   host: null,
37 verbose parsed url   port: null,
37 verbose parsed url   hostname: null,
37 verbose parsed url   hash: null,
37 verbose parsed url   search: null,
37 verbose parsed url   query: null,
37 verbose parsed url   pathname: 'ethereum-input-data-decoder@^0.2.1',
37 verbose parsed url   path: 'ethereum-input-data-decoder@^0.2.1',
37 verbose parsed url   href: 'ethereum-input-data-decoder@^0.2.1' }
38 verbose cache add name="ethereum-input-data-decoder" spec="^0.2.1" args=["ethereum-input-data-decoder","^0.2.1"]
39 verbose parsed url { protocol: null,
39 verbose parsed url   slashes: null,
39 verbose parsed url   auth: null,
39 verbose parsed url   host: null,
39 verbose parsed url   port: null,
39 verbose parsed url   hostname: null,
39 verbose parsed url   hash: null,
39 verbose parsed url   search: null,
39 verbose parsed url   query: null,
39 verbose parsed url   pathname: '^0.2.1',
39 verbose parsed url   path: '^0.2.1',
39 verbose parsed url   href: '^0.2.1' }
40 verbose addNamed [ 'ethereum-input-data-decoder', '^0.2.1' ]
41 verbose addNamed [ null, '>=0.2.1-0 <0.3.0-0' ]
42 verbose cache add [ 'express@^4.17.1', null ]
43 verbose cache add name=undefined spec="express@^4.17.1" args=["express@^4.17.1",null]
44 verbose parsed url { protocol: null,
44 verbose parsed url   slashes: null,
44 verbose parsed url   auth: null,
44 verbose parsed url   host: null,
44 verbose parsed url   port: null,
44 verbose parsed url   hostname: null,
44 verbose parsed url   hash: null,
44 verbose parsed url   search: null,
44 verbose parsed url   query: null,
44 verbose parsed url   pathname: 'express@^4.17.1',
44 verbose parsed url   path: 'express@^4.17.1',
44 verbose parsed url   href: 'express@^4.17.1' }
45 verbose cache add name="express" spec="^4.17.1" args=["express","^4.17.1"]
46 verbose parsed url { protocol: null,
46 verbose parsed url   slashes: null,
46 verbose parsed url   auth: null,
46 verbose parsed url   host: null,
46 verbose parsed url   port: null,
46 verbose parsed url   hostname: null,
46 verbose parsed url   hash: null,
46 verbose parsed url   search: null,
46 verbose parsed url   query: null,
46 verbose parsed url   pathname: '^4.17.1',
46 verbose parsed url   path: '^4.17.1',
46 verbose parsed url   href: '^4.17.1' }
47 verbose addNamed [ 'express', '^4.17.1' ]
48 verbose addNamed [ null, '>=4.17.1-0 <5.0.0-0' ]
49 verbose cache add [ 'morgan@^1.9.1', null ]
50 verbose cache add name=undefined spec="morgan@^1.9.1" args=["morgan@^1.9.1",null]
51 verbose parsed url { protocol: null,
51 verbose parsed url   slashes: null,
51 verbose parsed url   auth: null,
51 verbose parsed url   host: null,
51 verbose parsed url   port: null,
51 verbose parsed url   hostname: null,
51 verbose parsed url   hash: null,
51 verbose parsed url   search: null,
51 verbose parsed url   query: null,
51 verbose parsed url   pathname: 'morgan@^1.9.1',
51 verbose parsed url   path: 'morgan@^1.9.1',
51 verbose parsed url   href: 'morgan@^1.9.1' }
52 verbose cache add name="morgan" spec="^1.9.1" args=["morgan","^1.9.1"]
53 verbose parsed url { protocol: null,
53 verbose parsed url   slashes: null,
53 verbose parsed url   auth: null,
53 verbose parsed url   host: null,
53 verbose parsed url   port: null,
53 verbose parsed url   hostname: null,
53 verbose parsed url   hash: null,
53 verbose parsed url   search: null,
53 verbose parsed url   query: null,
53 verbose parsed url   pathname: '^1.9.1',
53 verbose parsed url   path: '^1.9.1',
53 verbose parsed url   href: '^1.9.1' }
54 verbose addNamed [ 'morgan', '^1.9.1' ]
55 verbose addNamed [ null, '>=1.9.1-0 <2.0.0-0' ]
56 verbose cache add [ 'path@^0.12.7', null ]
57 verbose cache add name=undefined spec="path@^0.12.7" args=["path@^0.12.7",null]
58 verbose parsed url { protocol: null,
58 verbose parsed url   slashes: null,
58 verbose parsed url   auth: null,
58 verbose parsed url   host: null,
58 verbose parsed url   port: null,
58 verbose parsed url   hostname: null,
58 verbose parsed url   hash: null,
58 verbose parsed url   search: null,
58 verbose parsed url   query: null,
58 verbose parsed url   pathname: 'path@^0.12.7',
58 verbose parsed url   path: 'path@^0.12.7',
58 verbose parsed url   href: 'path@^0.12.7' }
59 verbose cache add name="path" spec="^0.12.7" args=["path","^0.12.7"]
60 verbose parsed url { protocol: null,
60 verbose parsed url   slashes: null,
60 verbose parsed url   auth: null,
60 verbose parsed url   host: null,
60 verbose parsed url   port: null,
60 verbose parsed url   hostname: null,
60 verbose parsed url   hash: null,
60 verbose parsed url   search: null,
60 verbose parsed url   query: null,
60 verbose parsed url   pathname: '^0.12.7',
60 verbose parsed url   path: '^0.12.7',
60 verbose parsed url   href: '^0.12.7' }
61 verbose addNamed [ 'path', '^0.12.7' ]
62 verbose addNamed [ null, '>=0.12.7-0 <0.13.0-0' ]
63 verbose cache add [ 'web3@^1.2.4', null ]
64 verbose cache add name=undefined spec="web3@^1.2.4" args=["web3@^1.2.4",null]
65 verbose parsed url { protocol: null,
65 verbose parsed url   slashes: null,
65 verbose parsed url   auth: null,
65 verbose parsed url   host: null,
65 verbose parsed url   port: null,
65 verbose parsed url   hostname: null,
65 verbose parsed url   hash: null,
65 verbose parsed url   search: null,
65 verbose parsed url   query: null,
65 verbose parsed url   pathname: 'web3@^1.2.4',
65 verbose parsed url   path: 'web3@^1.2.4',
65 verbose parsed url   href: 'web3@^1.2.4' }
66 verbose cache add name="web3" spec="^1.2.4" args=["web3","^1.2.4"]
67 verbose parsed url { protocol: null,
67 verbose parsed url   slashes: null,
67 verbose parsed url   auth: null,
67 verbose parsed url   host: null,
67 verbose parsed url   port: null,
67 verbose parsed url   hostname: null,
67 verbose parsed url   hash: null,
67 verbose parsed url   search: null,
67 verbose parsed url   query: null,
67 verbose parsed url   pathname: '^1.2.4',
67 verbose parsed url   path: '^1.2.4',
67 verbose parsed url   href: '^1.2.4' }
68 verbose addNamed [ 'web3', '^1.2.4' ]
69 verbose addNamed [ null, '>=1.2.4-0 <2.0.0-0' ]
70 verbose cache add [ 'nodemon@^1.19.4', null ]
71 verbose cache add name=undefined spec="nodemon@^1.19.4" args=["nodemon@^1.19.4",null]
72 verbose parsed url { protocol: null,
72 verbose parsed url   slashes: null,
72 verbose parsed url   auth: null,
72 verbose parsed url   host: null,
72 verbose parsed url   port: null,
72 verbose parsed url   hostname: null,
72 verbose parsed url   hash: null,
72 verbose parsed url   search: null,
72 verbose parsed url   query: null,
72 verbose parsed url   pathname: 'nodemon@^1.19.4',
72 verbose parsed url   path: 'nodemon@^1.19.4',
72 verbose parsed url   href: 'nodemon@^1.19.4' }
73 verbose cache add name="nodemon" spec="^1.19.4" args=["nodemon","^1.19.4"]
74 verbose parsed url { protocol: null,
74 verbose parsed url   slashes: null,
74 verbose parsed url   auth: null,
74 verbose parsed url   host: null,
74 verbose parsed url   port: null,
74 verbose parsed url   hostname: null,
74 verbose parsed url   hash: null,
74 verbose parsed url   search: null,
74 verbose parsed url   query: null,
74 verbose parsed url   pathname: '^1.19.4',
74 verbose parsed url   path: '^1.19.4',
74 verbose parsed url   href: '^1.19.4' }
75 verbose addNamed [ 'nodemon', '^1.19.4' ]
76 verbose addNamed [ null, '>=1.19.4-0 <2.0.0-0' ]
77 silly lockFile b943bcca-truffle-hdwallet-provider-1-0-26 truffle/hdwallet-provider@^1.0.26
78 verbose lock truffle/hdwallet-provider@^1.0.26 C:\Users\faizul\AppData\Roaming\npm-cache\b943bcca-truffle-hdwallet-provider-1-0-26.lock
79 silly lockFile 66b42ae7-body-parser-1-19-0 body-parser@^1.19.0
80 verbose lock body-parser@^1.19.0 C:\Users\faizul\AppData\Roaming\npm-cache\66b42ae7-body-parser-1-19-0.lock
81 silly lockFile 244e9b86-cors-2-8-5 cors@^2.8.5
82 verbose lock cors@^2.8.5 C:\Users\faizul\AppData\Roaming\npm-cache\244e9b86-cors-2-8-5.lock
83 silly lockFile 35f88f87-thereum-input-data-decoder-0-2-1 ethereum-input-data-decoder@^0.2.1
84 verbose lock ethereum-input-data-decoder@^0.2.1 C:\Users\faizul\AppData\Roaming\npm-cache\35f88f87-thereum-input-data-decoder-0-2-1.lock
85 silly lockFile 462f207e-express-4-17-1 express@^4.17.1
86 verbose lock express@^4.17.1 C:\Users\faizul\AppData\Roaming\npm-cache\462f207e-express-4-17-1.lock
87 silly lockFile d6113e35-morgan-1-9-1 morgan@^1.9.1
88 verbose lock morgan@^1.9.1 C:\Users\faizul\AppData\Roaming\npm-cache\d6113e35-morgan-1-9-1.lock
89 silly lockFile b89ee5ab-path-0-12-7 path@^0.12.7
90 verbose lock path@^0.12.7 C:\Users\faizul\AppData\Roaming\npm-cache\b89ee5ab-path-0-12-7.lock
91 silly lockFile ff93fcfa-web3-1-2-4 web3@^1.2.4
92 verbose lock web3@^1.2.4 C:\Users\faizul\AppData\Roaming\npm-cache\ff93fcfa-web3-1-2-4.lock
93 silly lockFile 4b33366d-nodemon-1-19-4 nodemon@^1.19.4
94 verbose lock nodemon@^1.19.4 C:\Users\faizul\AppData\Roaming\npm-cache\4b33366d-nodemon-1-19-4.lock
95 silly addNameRange { name: 'truffle/hdwallet-provider',
95 silly addNameRange   range: '>=1.0.26-0 <2.0.0-0',
95 silly addNameRange   hasData: false }
96 silly addNameRange { name: 'body-parser',
96 silly addNameRange   range: '>=1.19.0-0 <2.0.0-0',
96 silly addNameRange   hasData: false }
97 silly addNameRange { name: 'cors', range: '>=2.8.5-0 <3.0.0-0', hasData: false }
98 silly addNameRange { name: 'express', range: '>=4.17.1-0 <5.0.0-0', hasData: false }
99 silly addNameRange { name: 'morgan', range: '>=1.9.1-0 <2.0.0-0', hasData: false }
100 silly addNameRange { name: 'ethereum-input-data-decoder',
100 silly addNameRange   range: '>=0.2.1-0 <0.3.0-0',
100 silly addNameRange   hasData: false }
101 silly addNameRange { name: 'path', range: '>=0.12.7-0 <0.13.0-0', hasData: false }
102 silly addNameRange { name: 'web3', range: '>=1.2.4-0 <2.0.0-0', hasData: false }
103 verbose url raw truffle/hdwallet-provider
104 verbose url resolving [ 'https://registry.npmjs.org/', './truffle/hdwallet-provider' ]
105 verbose url resolved https://registry.npmjs.org/truffle/hdwallet-provider
106 info trying registry request attempt 1 at 09:46:52
107 http GET https://registry.npmjs.org/truffle/hdwallet-provider
108 verbose url raw body-parser
109 verbose url resolving [ 'https://registry.npmjs.org/', './body-parser' ]
110 verbose url resolved https://registry.npmjs.org/body-parser
111 info trying registry request attempt 1 at 09:46:52
112 http GET https://registry.npmjs.org/body-parser
113 verbose url raw cors
114 verbose url resolving [ 'https://registry.npmjs.org/', './cors' ]
115 verbose url resolved https://registry.npmjs.org/cors
116 info trying registry request attempt 1 at 09:46:52
117 http GET https://registry.npmjs.org/cors
118 verbose url raw express
119 verbose url resolving [ 'https://registry.npmjs.org/', './express' ]
120 verbose url resolved https://registry.npmjs.org/express
121 info trying registry request attempt 1 at 09:46:52
122 http GET https://registry.npmjs.org/express
123 verbose url raw morgan
124 verbose url resolving [ 'https://registry.npmjs.org/', './morgan' ]
125 verbose url resolved https://registry.npmjs.org/morgan
126 info trying registry request attempt 1 at 09:46:52
127 http GET https://registry.npmjs.org/morgan
128 verbose url raw ethereum-input-data-decoder
129 verbose url resolving [ 'https://registry.npmjs.org/',
129 verbose url resolving   './ethereum-input-data-decoder' ]
130 verbose url resolved https://registry.npmjs.org/ethereum-input-data-decoder
131 info trying registry request attempt 1 at 09:46:52
132 http GET https://registry.npmjs.org/ethereum-input-data-decoder
133 silly addNameRange { name: 'nodemon', range: '>=1.19.4-0 <2.0.0-0', hasData: false }
134 verbose url raw path
135 verbose url resolving [ 'https://registry.npmjs.org/', './path' ]
136 verbose url resolved https://registry.npmjs.org/path
137 info trying registry request attempt 1 at 09:46:52
138 http GET https://registry.npmjs.org/path
139 verbose url raw web3
140 verbose url resolving [ 'https://registry.npmjs.org/', './web3' ]
141 verbose url resolved https://registry.npmjs.org/web3
142 info trying registry request attempt 1 at 09:46:52
143 http GET https://registry.npmjs.org/web3
144 verbose url raw nodemon
145 verbose url resolving [ 'https://registry.npmjs.org/', './nodemon' ]
146 verbose url resolved https://registry.npmjs.org/nodemon
147 info trying registry request attempt 1 at 09:46:52
148 http GET https://registry.npmjs.org/nodemon
149 info retry will retry, error on last attempt: Error: CERT_UNTRUSTED
150 info retry will retry, error on last attempt: Error: CERT_UNTRUSTED
151 info retry will retry, error on last attempt: Error: CERT_UNTRUSTED
152 info retry will retry, error on last attempt: Error: CERT_UNTRUSTED
153 info retry will retry, error on last attempt: Error: CERT_UNTRUSTED
154 info retry will retry, error on last attempt: Error: CERT_UNTRUSTED
155 info retry will retry, error on last attempt: Error: CERT_UNTRUSTED
156 info retry will retry, error on last attempt: Error: CERT_UNTRUSTED
157 info retry will retry, error on last attempt: Error: CERT_UNTRUSTED
158 info trying registry request attempt 2 at 09:47:02
159 http GET https://registry.npmjs.org/body-parser
160 info trying registry request attempt 2 at 09:47:02
161 http GET https://registry.npmjs.org/cors
162 info trying registry request attempt 2 at 09:47:02
163 http GET https://registry.npmjs.org/express
164 info trying registry request attempt 2 at 09:47:02
165 http GET https://registry.npmjs.org/morgan
166 info trying registry request attempt 2 at 09:47:02
167 http GET https://registry.npmjs.org/truffle/hdwallet-provider
168 info trying registry request attempt 2 at 09:47:02
169 http GET https://registry.npmjs.org/ethereum-input-data-decoder
170 info trying registry request attempt 2 at 09:47:02
171 http GET https://registry.npmjs.org/path
172 info trying registry request attempt 2 at 09:47:02
173 http GET https://registry.npmjs.org/web3
174 info trying registry request attempt 2 at 09:47:02
175 http GET https://registry.npmjs.org/nodemon
176 info retry will retry, error on last attempt: Error: CERT_UNTRUSTED
177 info retry will retry, error on last attempt: Error: CERT_UNTRUSTED
178 info retry will retry, error on last attempt: Error: CERT_UNTRUSTED
179 info retry will retry, error on last attempt: Error: CERT_UNTRUSTED
180 info retry will retry, error on last attempt: Error: CERT_UNTRUSTED
181 info retry will retry, error on last attempt: Error: CERT_UNTRUSTED
182 info retry will retry, error on last attempt: Error: CERT_UNTRUSTED
183 info retry will retry, error on last attempt: Error: CERT_UNTRUSTED
184 info retry will retry, error on last attempt: Error: CERT_UNTRUSTED
185 info trying registry request attempt 3 at 09:48:02
186 http GET https://registry.npmjs.org/morgan
187 info trying registry request attempt 3 at 09:48:02
188 http GET https://registry.npmjs.org/express
189 info trying registry request attempt 3 at 09:48:02
190 http GET https://registry.npmjs.org/cors
191 info trying registry request attempt 3 at 09:48:02
192 http GET https://registry.npmjs.org/body-parser
193 info trying registry request attempt 3 at 09:48:02
194 http GET https://registry.npmjs.org/truffle/hdwallet-provider
195 info trying registry request attempt 3 at 09:48:02
196 http GET https://registry.npmjs.org/path
197 info trying registry request attempt 3 at 09:48:02
198 http GET https://registry.npmjs.org/nodemon
199 info trying registry request attempt 3 at 09:48:02
200 http GET https://registry.npmjs.org/web3
201 info trying registry request attempt 3 at 09:48:02
202 http GET https://registry.npmjs.org/ethereum-input-data-decoder
203 silly lockFile 244e9b86-cors-2-8-5 cors@^2.8.5
204 silly lockFile 244e9b86-cors-2-8-5 cors@^2.8.5
205 silly lockFile 462f207e-express-4-17-1 express@^4.17.1
206 silly lockFile 462f207e-express-4-17-1 express@^4.17.1
207 silly lockFile d6113e35-morgan-1-9-1 morgan@^1.9.1
208 silly lockFile d6113e35-morgan-1-9-1 morgan@^1.9.1
209 silly lockFile b943bcca-truffle-hdwallet-provider-1-0-26 truffle/hdwallet-provider@^1.0.26
210 silly lockFile b943bcca-truffle-hdwallet-provider-1-0-26 truffle/hdwallet-provider@^1.0.26
211 silly lockFile 66b42ae7-body-parser-1-19-0 body-parser@^1.19.0
212 silly lockFile 66b42ae7-body-parser-1-19-0 body-parser@^1.19.0
213 error Error: CERT_UNTRUSTED
213 error     at SecurePair.<anonymous> (tls.js:1350:32)
213 error     at SecurePair.EventEmitter.emit (events.js:92:17)
213 error     at SecurePair.maybeInitFinished (tls.js:963:10)
213 error     at CleartextStream.read [as _read] (tls.js:463:15)
213 error     at CleartextStream.Readable.read (_stream_readable.js:320:10)
213 error     at EncryptedStream.write [as _write] (tls.js:366:25)
213 error     at doWrite (_stream_writable.js:219:10)
213 error     at writeOrBuffer (_stream_writable.js:209:5)
213 error     at EncryptedStream.Writable.write (_stream_writable.js:180:11)
213 error     at write (_stream_readable.js:575:24)
213 error     at flow (_stream_readable.js:584:7)
213 error     at Socket.pipeOnReadable (_stream_readable.js:616:5)
214 error If you need help, you may report this log at:
214 error     <http://github.com/isaacs/npm/issues>
214 error or email it to:
214 error     <npm-@googlegroups.com>
215 error System Windows_NT 6.2.9200
216 error command "C:\\Program Files (x86)\\nodejs\\\\node.exe" "C:\\Program Files (x86)\\nodejs\\node_modules\\npm\\bin\\npm-cli.js" "install"
217 error cwd C:\Users\faizul\Desktop\HomeTracker\Ethereum-based-Home-tracker\assetTrackerBackEnd
218 error node -v v0.10.16
219 error npm -v 1.3.8
220 verbose exit [ 1, true ]
